0 info it worked if it ends with ok
1 verbose cli [ '/usr/bin/node', '/usr/bin/npm', 'run', 'testv1' ]
2 info using npm@3.5.2
3 info using node@v8.10.0
4 verbose run-script [ 'pretestv1', 'testv1', 'posttestv1' ]
5 info lifecycle script_rest_api@1.0.0~pretestv1: script_rest_api@1.0.0
6 silly lifecycle script_rest_api@1.0.0~pretestv1: no script for pretestv1, continuing
7 info lifecycle script_rest_api@1.0.0~testv1: script_rest_api@1.0.0
8 verbose lifecycle script_rest_api@1.0.0~testv1: unsafe-perm in lifecycle true
9 verbose lifecycle script_rest_api@1.0.0~testv1: PATH: /usr/share/npm/bin/node-gyp-bin:/home/hezron/ANDELA-KIGALI/PropertyProLiteAPI/node_modules/.bin:/usr/local/sbin:/usr/local/bin:/usr/sbin:/usr/bin:/sbin:/bin:/usr/games:/usr/local/games:/home/hezron/bin:/usr/local/java/jdk1.8.0_211/bin:/snap/bin
10 verbose lifecycle script_rest_api@1.0.0~testv1: CWD: /home/hezron/ANDELA-KIGALI/PropertyProLiteAPI
11 silly lifecycle script_rest_api@1.0.0~testv1: Args: [ '-c',
11 silly lifecycle   'NODE_ENV=test npm run _drop && NODE_ENV=test nyc --reporter=text mocha --exit --require @babel/register --require @babel/polyfill ./test/v1/*' ]
12 silly lifecycle script_rest_api@1.0.0~testv1: Returned: code: 4  signal: null
13 info lifecycle script_rest_api@1.0.0~testv1: Failed to exec testv1 script
14 verbose stack Error: script_rest_api@1.0.0 testv1: `NODE_ENV=test npm run _drop && NODE_ENV=test nyc --reporter=text mocha --exit --require @babel/register --require @babel/polyfill ./test/v1/*`
14 verbose stack Exit status 4
14 verbose stack     at EventEmitter.<anonymous> (/usr/share/npm/lib/utils/lifecycle.js:232:16)
14 verbose stack     at emitTwo (events.js:126:13)
14 verbose stack     at EventEmitter.emit (events.js:214:7)
14 verbose stack     at ChildProcess.<anonymous> (/usr/share/npm/lib/utils/spawn.js:24:14)
14 verbose stack     at emitTwo (events.js:126:13)
14 verbose stack     at ChildProcess.emit (events.js:214:7)
14 verbose stack     at maybeClose (internal/child_process.js:925:16)
14 verbose stack     at Process.ChildProcess._handle.onexit (internal/child_process.js:209:5)
15 verbose pkgid script_rest_api@1.0.0
16 verbose cwd /home/hezron/ANDELA-KIGALI/PropertyProLiteAPI
17 error Linux 4.15.0-54-generic
18 error argv "/usr/bin/node" "/usr/bin/npm" "run" "testv1"
19 error node v8.10.0
20 error npm  v3.5.2
21 error code ELIFECYCLE
22 error script_rest_api@1.0.0 testv1: `NODE_ENV=test npm run _drop && NODE_ENV=test nyc --reporter=text mocha --exit --require @babel/register --require @babel/polyfill ./test/v1/*`
22 error Exit status 4
23 error Failed at the script_rest_api@1.0.0 testv1 script 'NODE_ENV=test npm run _drop && NODE_ENV=test nyc --reporter=text mocha --exit --require @babel/register --require @babel/polyfill ./test/v1/*'.
23 error Make sure you have the latest version of node.js and npm installed.
23 error If you do, this is most likely a problem with the script_rest_api package,
23 error not with npm itself.
23 error Tell the author that this fails on your system:
23 error     NODE_ENV=test npm run _drop && NODE_ENV=test nyc --reporter=text mocha --exit --require @babel/register --require @babel/polyfill ./test/v1/*
23 error You can get information on how to open an issue for this project with:
23 error     npm bugs script_rest_api
23 error Or if that isn't available, you can get their info via:
23 error     npm owner ls script_rest_api
23 error There is likely additional logging output above.
24 verbose exit [ 1, true ]
